<?xml version="1.0" encoding="UTF-8"?>
<!-- Generated by org.testng.reporters.JUnitReportReporter -->
<testsuite hostname="life-ubt" name="com.nackademin.teau.lectures_demo_calculator.CalculatorTest" tests="2" failures="0" timestamp="28 Mar 2020 16:24:45 GMT" time="0.021" errors="0">
  <testcase name="testAddition" time="0.020" classname="com.nackademin.teau.lectures_demo_calculator.CalculatorTest"/>
  <testcase name="testSubtraction" time="0.001" classname="com.nackademin.teau.lectures_demo_calculator.CalculatorTest"/>
</testsuite> <!-- com.nackademin.teau.lectures_demo_calculator.CalculatorTest -->
